/nuxeo.war/ui/images/doctypes//domain.svg
/nuxeo.war/ui/images/doctypes//file.svg
/nuxeo.war/ui//nuxeo-NuxeoDMDefaultConfiguration_nux-bundle.html
/nuxeo.war/img//ordered_folder_100.png
/nuxeo.war/img//folder_mantis_100.png
/nuxeo.war/img//folder_violet_100.png
/nuxeo.war/img//mailfolder_100.png
/nuxeo.war/img//folder_yellow_100.png
/nuxeo.war/img//file_100.png
/nuxeo.war/img//bullet_yellow.png
/nuxeo.war/img//section.png
/nuxeo.war/img//folder_blue.png
/nuxeo.war/img//folder_mantis.png
/nuxeo.war/img//section_100.png
/nuxeo.war/img//folder_orange.png
/nuxeo.war/img//folder_green.png
/nuxeo.war/img//approved_green.png
/nuxeo.war/img//bullet_blue.png
/nuxeo.war/img//workspace.svg
/nuxeo.war/img//folder_red.png
/nuxeo.war/img//folder_pink_100.png
/nuxeo.war/img//domain.gif
/nuxeo.war/img//folder_violet.png
/nuxeo.war/img//mail_folder.png
/nuxeo.war/img//file.gif
/nuxeo.war/img//folder_brown_100.png
/nuxeo.war/img//folder_template.gif
/nuxeo.war/img//folder_pink.png
/nuxeo.war/img//workspace.gif
/nuxeo.war/img//folder_brown.png
/nuxeo.war/img//folder_green_100.png
/nuxeo.war/img//folder_yellow.png
/nuxeo.war/img//domain.svg
/nuxeo.war/img//bullet_violet.png
/nuxeo.war/img//note_100.png
/nuxeo.war/img//bullet_dblue.png
/nuxeo.war/img//folder_100.png
/nuxeo.war/img//approved_gray.png
/nuxeo.war/img//bullet_green.png
/nuxeo.war/img//hello.png
/nuxeo.war/img//cancel_gray.png
/nuxeo.war/img//ordered_folder.png
/nuxeo.war/img//mail_100.png
/nuxeo.war/img//file.svg
/nuxeo.war/img//folder_blue2.png
/nuxeo.war/img//mail.png
/nuxeo.war/img//workspace_100.png
/nuxeo.war/img//folder.gif
/nuxeo.war/img//folder_red_100.png
/nuxeo.war/img//folder_template_100.gif
/nuxeo.war/img//folder_blue2_100.png
/nuxeo.war/img//bullet_orange.png
/nuxeo.war/img//cancel_red.png
/nuxeo.war/img//bullet_red.png
/nuxeo.war/img//note.gif
/nuxeo.war/img//folder_orange_100.png
/nuxeo.war/img//folder_blue_100.png
/nuxeo.war/img//bullet_gray.png
/i18n/messages.json
